<?xml version="1.0" encoding="UTF-8"?>
<coverage generated="1679350125913" clover="3.2.0">
  <project timestamp="1679350125913" name="All files">
    <metrics statements="6" coveredstatements="1" conditionals="0" coveredconditionals="0" methods="2" coveredmethods="0" elements="8" coveredelements="1" complexity="0" loc="6" ncloc="6" packages="1" files="1" classes="1"/>
    <file name="index.js" path="C:\Users\Administrator\Desktop\Test Project\aws-test#1\amplify-project-playground\amplify\backend\function\amplifyprojectplaygrfaa54b72\src\index.js">
      <metrics statements="6" coveredstatements="1" conditionals="0" coveredconditionals="0" methods="2" coveredmethods="0"/>
      <line num="1" count="1" type="stmt"/>
      <line num="2" count="0" type="stmt"/>
      <line num="3" count="0" type="stmt"/>
      <line num="4" count="0" type="stmt"/>
      <line num="5" count="0" type="stmt"/>
      <line num="7" count="0" type="stmt"/>
    </file>
  </project>
</coverage>
