{"C:\\Users\\Administrator\\Desktop\\Test Project\\aws-test#1\\amplify-project-playground\\amplify\\backend\\function\\amplifyprojectplaygrfaa54b72\\src\\index.js": {"path":"C:\\Users\\Administrator\\Desktop\\Test Project\\aws-test#1\\amplify-project-playground\\amplify\\backend\\function\\amplifyprojectplaygrfaa54b72\\src\\index.js","statementMap":{"0":{"start":{"line":1,"column":0},"end":{"line":8,"column":2}},"1":{"start":{"line":2,"column":19},"end":{"line":6,"column":3}},"2":{"start":{"line":3,"column":21},"end":{"line":3,"column":71}},"3":{"start":{"line":4,"column":17},"end":{"line":4,"column":38}},"4":{"start":{"line":5,"column":4},"end":{"line":5,"column":16}},"5":{"start":{"line":7,"column":1},"end":{"line":7,"column":16}}},"fnMap":{"0":{"name":"(anonymous_0)","decl":{"start":{"line":1,"column":18},"end":{"line":1,"column":19}},"loc":{"start":{"line":1,"column":33},"end":{"line":8,"column":1}},"line":1},"1":{"name":"(anonymous_1)","decl":{"start":{"line":2,"column":19},"end":{"line":2,"column":20}},"loc":{"start":{"line":2,"column":31},"end":{"line":6,"column":3}},"line":2}},"branchMap":{},"s":{"0":1,"1":0,"2":0,"3":0,"4":0,"5":0},"f":{"0":0,"1":0},"b":{},"_coverageSchema":"1a1c01bbd47fc00a2c39e90264f33305004495a9","hash":"a41140c3604821cffe8ccb832f5c974b5b2fa210"}
}
