{"C:\\Users\\Administrator\\Desktop\\Test Project\\aws-test#1\\amplify-project-playground\\amplify\\backend\\function\\amplifyprojectplaygrfaa54b72\\src\\index.js": {"path":"C:\\Users\\Administrator\\Desktop\\Test Project\\aws-test#1\\amplify-project-playground\\amplify\\backend\\function\\amplifyprojectplaygrfaa54b72\\src\\index.js","statementMap":{"0":{"start":{"line":1,"column":0},"end":{"line":5,"column":2}},"1":{"start":{"line":2,"column":18},"end":{"line":2,"column":23}},"2":{"start":{"line":3,"column":4},"end":{"line":4,"column":39}},"3":{"start":{"line":4,"column":22},"end":{"line":4,"column":37}}},"fnMap":{"0":{"name":"(anonymous_0)","decl":{"start":{"line":1,"column":18},"end":{"line":1,"column":19}},"loc":{"start":{"line":1,"column":27},"end":{"line":5,"column":1}},"line":1},"1":{"name":"(anonymous_1)","decl":{"start":{"line":4,"column":10},"end":{"line":4,"column":11}},"loc":{"start":{"line":4,"column":22},"end":{"line":4,"column":37}},"line":4}},"branchMap":{},"s":{"0":1,"1":1,"2":1,"3":0},"f":{"0":1,"1":0},"b":{},"_coverageSchema":"1a1c01bbd47fc00a2c39e90264f33305004495a9","hash":"2348748718c67e7d912fbde955b32cf47c878d8d"}
}
